<?xml version="1.0" encoding="UTF-8"?>
<testsuite xmlns:xsi="http://www.w3.org/2001/XMLSchema-instance" xsi:noNamespaceSchemaLocation="https://maven.apache.org/surefire/maven-surefire-plugin/xsd/surefire-test-report.xsd" name="com.zgp.demo.MallApplicationTests" time="6.934" tests="1" errors="0" skipped="0" failures="0">
  <properties>
    <property name="sun.desktop" value="windows"/>
    <property name="awt.toolkit" value="sun.awt.windows.WToolkit"/>
    <property name="file.encoding.pkg" value="sun.io"/>
    <property name="java.specification.version" value="1.8"/>
    <property name="sun.cpu.isalist" value="amd64"/>
    <property name="sun.jnu.encoding" value="GBK"/>
    <property name="java.class.path" value="G:\maill\target\test-classes;G:\maill\target\classes;G:\store\org\springframework\boot\spring-boot-starter\2.4.1\spring-boot-starter-2.4.1.jar;G:\store\org\springframework\boot\spring-boot\2.4.1\spring-boot-2.4.1.jar;G:\store\org\springframework\spring-context\5.3.2\spring-context-5.3.2.jar;G:\store\org\springframework\boot\spring-boot-autoconfigure\2.4.1\spring-boot-autoconfigure-2.4.1.jar;G:\store\org\springframework\boot\spring-boot-starter-logging\2.4.1\spring-boot-starter-logging-2.4.1.jar;G:\store\ch\qos\logback\logback-classic\1.2.3\logback-classic-1.2.3.jar;G:\store\ch\qos\logback\logback-core\1.2.3\logback-core-1.2.3.jar;G:\store\org\apache\logging\log4j\log4j-to-slf4j\2.13.3\log4j-to-slf4j-2.13.3.jar;G:\store\org\apache\logging\log4j\log4j-api\2.13.3\log4j-api-2.13.3.jar;G:\store\org\slf4j\jul-to-slf4j\1.7.30\jul-to-slf4j-1.7.30.jar;G:\store\jakarta\annotation\jakarta.annotation-api\1.3.5\jakarta.annotation-api-1.3.5.jar;G:\store\org\springframework\spring-core\5.3.2\spring-core-5.3.2.jar;G:\store\org\springframework\spring-jcl\5.3.2\spring-jcl-5.3.2.jar;G:\store\org\yaml\snakeyaml\1.27\snakeyaml-1.27.jar;G:\store\org\springframework\boot\spring-boot-starter-test\2.4.1\spring-boot-starter-test-2.4.1.jar;G:\store\org\springframework\boot\spring-boot-test\2.4.1\spring-boot-test-2.4.1.jar;G:\store\org\springframework\boot\spring-boot-test-autoconfigure\2.4.1\spring-boot-test-autoconfigure-2.4.1.jar;G:\store\com\jayway\jsonpath\json-path\2.4.0\json-path-2.4.0.jar;G:\store\net\minidev\json-smart\2.3\json-smart-2.3.jar;G:\store\net\minidev\accessors-smart\1.2\accessors-smart-1.2.jar;G:\store\org\ow2\asm\asm\5.0.4\asm-5.0.4.jar;G:\store\org\slf4j\slf4j-api\1.7.30\slf4j-api-1.7.30.jar;G:\store\jakarta\xml\bind\jakarta.xml.bind-api\2.3.3\jakarta.xml.bind-api-2.3.3.jar;G:\store\jakarta\activation\jakarta.activation-api\1.2.2\jakarta.activation-api-1.2.2.jar;G:\store\org\assertj\assertj-core\3.18.1\assertj-core-3.18.1.jar;G:\store\org\hamcrest\hamcrest\2.2\hamcrest-2.2.jar;G:\store\org\junit\jupiter\junit-jupiter\5.7.0\junit-jupiter-5.7.0.jar;G:\store\org\junit\jupiter\junit-jupiter-api\5.7.0\junit-jupiter-api-5.7.0.jar;G:\store\org\apiguardian\apiguardian-api\1.1.0\apiguardian-api-1.1.0.jar;G:\store\org\opentest4j\opentest4j\1.2.0\opentest4j-1.2.0.jar;G:\store\org\junit\platform\junit-platform-commons\1.7.0\junit-platform-commons-1.7.0.jar;G:\store\org\junit\jupiter\junit-jupiter-params\5.7.0\junit-jupiter-params-5.7.0.jar;G:\store\org\junit\jupiter\junit-jupiter-engine\5.7.0\junit-jupiter-engine-5.7.0.jar;G:\store\org\junit\platform\junit-platform-engine\1.7.0\junit-platform-engine-1.7.0.jar;G:\store\org\mockito\mockito-core\3.6.28\mockito-core-3.6.28.jar;G:\store\net\bytebuddy\byte-buddy\1.10.18\byte-buddy-1.10.18.jar;G:\store\net\bytebuddy\byte-buddy-agent\1.10.18\byte-buddy-agent-1.10.18.jar;G:\store\org\objenesis\objenesis\3.1\objenesis-3.1.jar;G:\store\org\mockito\mockito-junit-jupiter\3.6.28\mockito-junit-jupiter-3.6.28.jar;G:\store\org\skyscreamer\jsonassert\1.5.0\jsonassert-1.5.0.jar;G:\store\com\vaadin\external\google\android-json\0.0.20131108.vaadin1\android-json-0.0.20131108.vaadin1.jar;G:\store\org\springframework\spring-test\5.3.2\spring-test-5.3.2.jar;G:\store\org\xmlunit\xmlunit-core\2.7.0\xmlunit-core-2.7.0.jar;G:\store\org\springframework\boot\spring-boot-starter-web\2.4.1\spring-boot-starter-web-2.4.1.jar;G:\store\org\springframework\boot\spring-boot-starter-json\2.4.1\spring-boot-starter-json-2.4.1.jar;G:\store\com\fasterxml\jackson\core\jackson-databind\2.11.3\jackson-databind-2.11.3.jar;G:\store\com\fasterxml\jackson\core\jackson-annotations\2.11.3\jackson-annotations-2.11.3.jar;G:\store\com\fasterxml\jackson\core\jackson-core\2.11.3\jackson-core-2.11.3.jar;G:\store\com\fasterxml\jackson\datatype\jackson-datatype-jdk8\2.11.3\jackson-datatype-jdk8-2.11.3.jar;G:\store\com\fasterxml\jackson\datatype\jackson-datatype-jsr310\2.11.3\jackson-datatype-jsr310-2.11.3.jar;G:\store\com\fasterxml\jackson\module\jackson-module-parameter-names\2.11.3\jackson-module-parameter-names-2.11.3.jar;G:\store\org\springframework\boot\spring-boot-starter-tomcat\2.4.1\spring-boot-starter-tomcat-2.4.1.jar;G:\store\org\apache\tomcat\embed\tomcat-embed-core\9.0.41\tomcat-embed-core-9.0.41.jar;G:\store\org\glassfish\jakarta.el\3.0.3\jakarta.el-3.0.3.jar;G:\store\org\apache\tomcat\embed\tomcat-embed-websocket\9.0.41\tomcat-embed-websocket-9.0.41.jar;G:\store\org\springframework\spring-web\5.3.2\spring-web-5.3.2.jar;G:\store\org\springframework\spring-beans\5.3.2\spring-beans-5.3.2.jar;G:\store\org\springframework\spring-webmvc\5.3.2\spring-webmvc-5.3.2.jar;G:\store\org\springframework\spring-aop\5.3.2\spring-aop-5.3.2.jar;G:\store\org\springframework\spring-expression\5.3.2\spring-expression-5.3.2.jar;G:\store\org\springframework\boot\spring-boot-starter-data-redis\2.4.1\spring-boot-starter-data-redis-2.4.1.jar;G:\store\org\springframework\data\spring-data-redis\2.4.2\spring-data-redis-2.4.2.jar;G:\store\org\springframework\data\spring-data-keyvalue\2.4.2\spring-data-keyvalue-2.4.2.jar;G:\store\org\springframework\data\spring-data-commons\2.4.2\spring-data-commons-2.4.2.jar;G:\store\org\springframework\spring-tx\5.3.2\spring-tx-5.3.2.jar;G:\store\org\springframework\spring-oxm\5.3.2\spring-oxm-5.3.2.jar;G:\store\org\springframework\spring-context-support\5.3.2\spring-context-support-5.3.2.jar;G:\store\io\lettuce\lettuce-core\6.0.1.RELEASE\lettuce-core-6.0.1.RELEASE.jar;G:\store\io\netty\netty-common\4.1.55.Final\netty-common-4.1.55.Final.jar;G:\store\io\netty\netty-handler\4.1.55.Final\netty-handler-4.1.55.Final.jar;G:\store\io\netty\netty-resolver\4.1.55.Final\netty-resolver-4.1.55.Final.jar;G:\store\io\netty\netty-buffer\4.1.55.Final\netty-buffer-4.1.55.Final.jar;G:\store\io\netty\netty-codec\4.1.55.Final\netty-codec-4.1.55.Final.jar;G:\store\io\netty\netty-transport\4.1.55.Final\netty-transport-4.1.55.Final.jar;G:\store\io\projectreactor\reactor-core\3.4.1\reactor-core-3.4.1.jar;G:\store\org\reactivestreams\reactive-streams\1.0.3\reactive-streams-1.0.3.jar;G:\store\mysql\mysql-connector-java\8.0.22\mysql-connector-java-8.0.22.jar;G:\store\cn\hutool\hutool-all\5.5.6\hutool-all-5.5.6.jar;G:\store\com\github\penggle\kaptcha\2.3.2\kaptcha-2.3.2.jar;G:\store\javax\servlet\javax.servlet-api\4.0.1\javax.servlet-api-4.0.1.jar;G:\store\com\jhlabs\filters\2.0.235-1\filters-2.0.235-1.jar;"/>
    <property name="java.vm.vendor" value="Oracle Corporation"/>
    <property name="sun.arch.data.model" value="64"/>
    <property name="user.variant" value=""/>
    <property name="java.vendor.url" value="http://java.oracle.com/"/>
    <property name="user.timezone" value="Asia/Shanghai"/>
    <property name="java.vm.specification.version" value="1.8"/>
    <property name="os.name" value="Windows 10"/>
    <property name="user.country" value="CN"/>
    <property name="sun.java.launcher" value="SUN_STANDARD"/>
    <property name="sun.boot.library.path" value="C:\Program Files\Java\jdk1.8.0_211\jre\bin"/>
    <property name="sun.java.command" value="C:\Users\ADMINI~1\AppData\Local\Temp\surefire6510874182591193889\surefirebooter6614914991176592210.jar C:\Users\Administrator\AppData\Local\Temp\surefire6510874182591193889 2020-12-31T10-10-06_681-jvmRun1 surefire2870700455821327123tmp surefire_01185725070886959690tmp"/>
    <property name="surefire.test.class.path" value="G:\maill\target\test-classes;G:\maill\target\classes;G:\store\org\springframework\boot\spring-boot-starter\2.4.1\spring-boot-starter-2.4.1.jar;G:\store\org\springframework\boot\spring-boot\2.4.1\spring-boot-2.4.1.jar;G:\store\org\springframework\spring-context\5.3.2\spring-context-5.3.2.jar;G:\store\org\springframework\boot\spring-boot-autoconfigure\2.4.1\spring-boot-autoconfigure-2.4.1.jar;G:\store\org\springframework\boot\spring-boot-starter-logging\2.4.1\spring-boot-starter-logging-2.4.1.jar;G:\store\ch\qos\logback\logback-classic\1.2.3\logback-classic-1.2.3.jar;G:\store\ch\qos\logback\logback-core\1.2.3\logback-core-1.2.3.jar;G:\store\org\apache\logging\log4j\log4j-to-slf4j\2.13.3\log4j-to-slf4j-2.13.3.jar;G:\store\org\apache\logging\log4j\log4j-api\2.13.3\log4j-api-2.13.3.jar;G:\store\org\slf4j\jul-to-slf4j\1.7.30\jul-to-slf4j-1.7.30.jar;G:\store\jakarta\annotation\jakarta.annotation-api\1.3.5\jakarta.annotation-api-1.3.5.jar;G:\store\org\springframework\spring-core\5.3.2\spring-core-5.3.2.jar;G:\store\org\springframework\spring-jcl\5.3.2\spring-jcl-5.3.2.jar;G:\store\org\yaml\snakeyaml\1.27\snakeyaml-1.27.jar;G:\store\org\springframework\boot\spring-boot-starter-test\2.4.1\spring-boot-starter-test-2.4.1.jar;G:\store\org\springframework\boot\spring-boot-test\2.4.1\spring-boot-test-2.4.1.jar;G:\store\org\springframework\boot\spring-boot-test-autoconfigure\2.4.1\spring-boot-test-autoconfigure-2.4.1.jar;G:\store\com\jayway\jsonpath\json-path\2.4.0\json-path-2.4.0.jar;G:\store\net\minidev\json-smart\2.3\json-smart-2.3.jar;G:\store\net\minidev\accessors-smart\1.2\accessors-smart-1.2.jar;G:\store\org\ow2\asm\asm\5.0.4\asm-5.0.4.jar;G:\store\org\slf4j\slf4j-api\1.7.30\slf4j-api-1.7.30.jar;G:\store\jakarta\xml\bind\jakarta.xml.bind-api\2.3.3\jakarta.xml.bind-api-2.3.3.jar;G:\store\jakarta\activation\jakarta.activation-api\1.2.2\jakarta.activation-api-1.2.2.jar;G:\store\org\assertj\assertj-core\3.18.1\assertj-core-3.18.1.jar;G:\store\org\hamcrest\hamcrest\2.2\hamcrest-2.2.jar;G:\store\org\junit\jupiter\junit-jupiter\5.7.0\junit-jupiter-5.7.0.jar;G:\store\org\junit\jupiter\junit-jupiter-api\5.7.0\junit-jupiter-api-5.7.0.jar;G:\store\org\apiguardian\apiguardian-api\1.1.0\apiguardian-api-1.1.0.jar;G:\store\org\opentest4j\opentest4j\1.2.0\opentest4j-1.2.0.jar;G:\store\org\junit\platform\junit-platform-commons\1.7.0\junit-platform-commons-1.7.0.jar;G:\store\org\junit\jupiter\junit-jupiter-params\5.7.0\junit-jupiter-params-5.7.0.jar;G:\store\org\junit\jupiter\junit-jupiter-engine\5.7.0\junit-jupiter-engine-5.7.0.jar;G:\store\org\junit\platform\junit-platform-engine\1.7.0\junit-platform-engine-1.7.0.jar;G:\store\org\mockito\mockito-core\3.6.28\mockito-core-3.6.28.jar;G:\store\net\bytebuddy\byte-buddy\1.10.18\byte-buddy-1.10.18.jar;G:\store\net\bytebuddy\byte-buddy-agent\1.10.18\byte-buddy-agent-1.10.18.jar;G:\store\org\objenesis\objenesis\3.1\objenesis-3.1.jar;G:\store\org\mockito\mockito-junit-jupiter\3.6.28\mockito-junit-jupiter-3.6.28.jar;G:\store\org\skyscreamer\jsonassert\1.5.0\jsonassert-1.5.0.jar;G:\store\com\vaadin\external\google\android-json\0.0.20131108.vaadin1\android-json-0.0.20131108.vaadin1.jar;G:\store\org\springframework\spring-test\5.3.2\spring-test-5.3.2.jar;G:\store\org\xmlunit\xmlunit-core\2.7.0\xmlunit-core-2.7.0.jar;G:\store\org\springframework\boot\spring-boot-starter-web\2.4.1\spring-boot-starter-web-2.4.1.jar;G:\store\org\springframework\boot\spring-boot-starter-json\2.4.1\spring-boot-starter-json-2.4.1.jar;G:\store\com\fasterxml\jackson\core\jackson-databind\2.11.3\jackson-databind-2.11.3.jar;G:\store\com\fasterxml\jackson\core\jackson-annotations\2.11.3\jackson-annotations-2.11.3.jar;G:\store\com\fasterxml\jackson\core\jackson-core\2.11.3\jackson-core-2.11.3.jar;G:\store\com\fasterxml\jackson\datatype\jackson-datatype-jdk8\2.11.3\jackson-datatype-jdk8-2.11.3.jar;G:\store\com\fasterxml\jackson\datatype\jackson-datatype-jsr310\2.11.3\jackson-datatype-jsr310-2.11.3.jar;G:\store\com\fasterxml\jackson\module\jackson-module-parameter-names\2.11.3\jackson-module-parameter-names-2.11.3.jar;G:\store\org\springframework\boot\spring-boot-starter-tomcat\2.4.1\spring-boot-starter-tomcat-2.4.1.jar;G:\store\org\apache\tomcat\embed\tomcat-embed-core\9.0.41\tomcat-embed-core-9.0.41.jar;G:\store\org\glassfish\jakarta.el\3.0.3\jakarta.el-3.0.3.jar;G:\store\org\apache\tomcat\embed\tomcat-embed-websocket\9.0.41\tomcat-embed-websocket-9.0.41.jar;G:\store\org\springframework\spring-web\5.3.2\spring-web-5.3.2.jar;G:\store\org\springframework\spring-beans\5.3.2\spring-beans-5.3.2.jar;G:\store\org\springframework\spring-webmvc\5.3.2\spring-webmvc-5.3.2.jar;G:\store\org\springframework\spring-aop\5.3.2\spring-aop-5.3.2.jar;G:\store\org\springframework\spring-expression\5.3.2\spring-expression-5.3.2.jar;G:\store\org\springframework\boot\spring-boot-starter-data-redis\2.4.1\spring-boot-starter-data-redis-2.4.1.jar;G:\store\org\springframework\data\spring-data-redis\2.4.2\spring-data-redis-2.4.2.jar;G:\store\org\springframework\data\spring-data-keyvalue\2.4.2\spring-data-keyvalue-2.4.2.jar;G:\store\org\springframework\data\spring-data-commons\2.4.2\spring-data-commons-2.4.2.jar;G:\store\org\springframework\spring-tx\5.3.2\spring-tx-5.3.2.jar;G:\store\org\springframework\spring-oxm\5.3.2\spring-oxm-5.3.2.jar;G:\store\org\springframework\spring-context-support\5.3.2\spring-context-support-5.3.2.jar;G:\store\io\lettuce\lettuce-core\6.0.1.RELEASE\lettuce-core-6.0.1.RELEASE.jar;G:\store\io\netty\netty-common\4.1.55.Final\netty-common-4.1.55.Final.jar;G:\store\io\netty\netty-handler\4.1.55.Final\netty-handler-4.1.55.Final.jar;G:\store\io\netty\netty-resolver\4.1.55.Final\netty-resolver-4.1.55.Final.jar;G:\store\io\netty\netty-buffer\4.1.55.Final\netty-buffer-4.1.55.Final.jar;G:\store\io\netty\netty-codec\4.1.55.Final\netty-codec-4.1.55.Final.jar;G:\store\io\netty\netty-transport\4.1.55.Final\netty-transport-4.1.55.Final.jar;G:\store\io\projectreactor\reactor-core\3.4.1\reactor-core-3.4.1.jar;G:\store\org\reactivestreams\reactive-streams\1.0.3\reactive-streams-1.0.3.jar;G:\store\mysql\mysql-connector-java\8.0.22\mysql-connector-java-8.0.22.jar;G:\store\cn\hutool\hutool-all\5.5.6\hutool-all-5.5.6.jar;G:\store\com\github\penggle\kaptcha\2.3.2\kaptcha-2.3.2.jar;G:\store\javax\servlet\javax.servlet-api\4.0.1\javax.servlet-api-4.0.1.jar;G:\store\com\jhlabs\filters\2.0.235-1\filters-2.0.235-1.jar;"/>
    <property name="sun.cpu.endian" value="little"/>
    <property name="user.home" value="C:\Users\Administrator"/>
    <property name="user.language" value="zh"/>
    <property name="java.specification.vendor" value="Oracle Corporation"/>
    <property name="java.home" value="C:\Program Files\Java\jdk1.8.0_211\jre"/>
    <property name="basedir" value="G:\maill"/>
    <property name="file.separator" value="\"/>
    <property name="line.separator" value="&#10;"/>
    <property name="java.vm.specification.vendor" value="Oracle Corporation"/>
    <property name="java.specification.name" value="Java Platform API Specification"/>
    <property name="java.awt.graphicsenv" value="sun.awt.Win32GraphicsEnvironment"/>
    <property name="surefire.real.class.path" value="C:\Users\ADMINI~1\AppData\Local\Temp\surefire6510874182591193889\surefirebooter6614914991176592210.jar"/>
    <property name="sun.boot.class.path" value="C:\Program Files\Java\jdk1.8.0_211\jre\lib\resources.jar;C:\Program Files\Java\jdk1.8.0_211\jre\lib\rt.jar;C:\Program Files\Java\jdk1.8.0_211\jre\lib\sunrsasign.jar;C:\Program Files\Java\jdk1.8.0_211\jre\lib\jsse.jar;C:\Program Files\Java\jdk1.8.0_211\jre\lib\jce.jar;C:\Program Files\Java\jdk1.8.0_211\jre\lib\charsets.jar;C:\Program Files\Java\jdk1.8.0_211\jre\lib\jfr.jar;C:\Program Files\Java\jdk1.8.0_211\jre\classes"/>
    <property name="user.script" value=""/>
    <property name="sun.management.compiler" value="HotSpot 64-Bit Tiered Compilers"/>
    <property name="java.runtime.version" value="1.8.0_211-b12"/>
    <property name="user.name" value="Administrator"/>
    <property name="path.separator" value=";"/>
    <property name="os.version" value="10.0"/>
    <property name="java.endorsed.dirs" value="C:\Program Files\Java\jdk1.8.0_211\jre\lib\endorsed"/>
    <property name="java.runtime.name" value="Java(TM) SE Runtime Environment"/>
    <property name="file.encoding" value="GBK"/>
    <property name="java.vm.name" value="Java HotSpot(TM) 64-Bit Server VM"/>
    <property name="localRepository" value="G:\store"/>
    <property name="java.vendor.url.bug" value="http://bugreport.sun.com/bugreport/"/>
    <property name="java.io.tmpdir" value="C:\Users\ADMINI~1\AppData\Local\Temp\"/>
    <property name="java.version" value="1.8.0_211"/>
    <property name="user.dir" value="G:\maill"/>
    <property name="os.arch" value="amd64"/>
    <property name="java.vm.specification.name" value="Java Virtual Machine Specification"/>
    <property name="java.awt.printerjob" value="sun.awt.windows.WPrinterJob"/>
    <property name="idea.version2019.3.1" value="true"/>
    <property name="sun.os.patch.level" value=""/>
    <property name="java.library.path" value="C:\Program Files\Java\jdk1.8.0_211\jre\bin;C:\WINDOWS\Sun\Java\bin;C:\WINDOWS\system32;C:\WINDOWS;C:\Program Files (x86)\NetSarang\Xshell 6\;C:\Program Files (x86)\Common Files\Oracle\Java\javapath;C:\WINDOWS\system32;C:\WINDOWS;C:\WINDOWS\System32\Wbem;C:\WINDOWS\System32\WindowsPowerShell\v1.0\;C:\Program Files (x86)\ATI Technologies\ATI.ACE\Core-Static;E:\tools\node\node_modules;C:\Program Files\nodejs\;C:\WINDOWS\System32\OpenSSH\;E:\tools\Git\cmd;C:\Program Files\TortoiseSVN\bin;C:\Program Files\Java\jdk1.8.0_211\bin;E:\tools\apache-maven-3.6.3\bin;C:\Users\Administrator\AppData\Local\Microsoft\WindowsApps;;C:\Users\Administrator\AppData\Local\Programs\Microsoft VS Code\bin;C:\Users\Administrator\AppData\Roaming\npm;."/>
    <property name="java.vm.info" value="mixed mode"/>
    <property name="java.vendor" value="Oracle Corporation"/>
    <property name="java.vm.version" value="25.211-b12"/>
    <property name="java.ext.dirs" value="C:\Program Files\Java\jdk1.8.0_211\jre\lib\ext;C:\WINDOWS\Sun\Java\lib\ext"/>
    <property name="sun.io.unicode.encoding" value="UnicodeLittle"/>
    <property name="java.class.version" value="52.0"/>
  </properties>
  <testcase name="contextLoads" classname="com.zgp.demo.MallApplicationTests" time="0.509"/>
</testsuite>